2026-04-22 22:22:09,603 [INFO] __main__ - === 开始每日ETF策略扫描 ===
2026-04-22 22:22:09,929 [INFO] __main__ - 市场环境: 牛市 (score=0.89, 站上MA20=True, 站上MA60=True)
2026-04-22 22:22:09,929 [INFO] __main__ - 正在获取全市场ETF行情...
2026-04-22 22:25:16,272 [INFO] __main__ - === 开始每日ETF策略扫描 ===
2026-04-22 22:25:16,654 [INFO] __main__ - 市场环境: 牛市 (score=0.89, 站上MA20=True, 站上MA60=True)
2026-04-22 22:25:16,654 [INFO] __main__ - 正在获取全市场ETF行情...
2026-04-22 22:26:19,416 [INFO] __main__ - === 开始每日ETF策略扫描 ===
2026-04-22 22:26:19,696 [INFO] __main__ - 市场环境: 牛市 (score=0.89, 站上MA20=True, 站上MA60=True)
2026-04-22 22:26:19,696 [INFO] __main__ - 正在获取全市场ETF行情...
2026-04-22 22:43:09,705 [INFO] __main__ - === 开始每日ETF策略扫描 ===
2026-04-22 22:43:10,014 [INFO] __main__ - 市场环境: 牛市 (score=0.89, 站上MA20=True, 站上MA60=True)
2026-04-22 22:43:10,015 [INFO] __main__ - 正在获取全市场ETF行情...
2026-04-22 22:43:25,442 [WARNING] __main__ - akshare获取失败(HTTPSConnectionPool(host='88.push2.eastmoney.com', port=443): Max retries exceeded with url: /api/qt/clist/get?pn=9&pz=100&po=1&np=1&ut=bd1d9ddb04089700cf9c27f6f7426281&fltt=2&invt=2&wbp2u=%7C0%7C0%7C0%7Cweb&fid=f12&fs=b%3AMK0021%2Cb%3AMK0022%2Cb%3AMK0023%2Cb%3AMK0024%2Cb%3AMK0827&fields=f1%2Cf2%2Cf3%2Cf4%2Cf5%2Cf6%2Cf7%2Cf8%2Cf9%2Cf10%2Cf12%2Cf13%2Cf14%2Cf15%2Cf16%2Cf17%2Cf18%2Cf20%2Cf21%2Cf23%2Cf24%2Cf25%2Cf22%2Cf11%2Cf30%2Cf31%2Cf32%2Cf33%2Cf34%2Cf35%2Cf38%2Cf62%2Cf63%2Cf64%2Cf65%2Cf66%2Cf69%2Cf72%2Cf75%2Cf78%2Cf81%2Cf84%2Cf87%2Cf115%2Cf124%2Cf128%2Cf136%2Cf152%2Cf184%2Cf297%2Cf402%2Cf441 (Caused by ProxyError('Unable to connect to proxy', RemoteDisconnected('Remote end closed connection without response'))))，切换到直接API备用方案...
2026-04-22 22:46:58,812 [INFO] __main__ - === 开始每日ETF策略扫描 ===
2026-04-22 22:46:59,154 [INFO] __main__ - 市场环境: 牛市 (score=0.89, 站上MA20=True, 站上MA60=True)
2026-04-22 22:46:59,155 [INFO] __main__ - 正在获取全市场ETF行情...
2026-04-22 22:47:04,683 [WARNING] __main__ - akshare获取失败(HTTPSConnectionPool(host='88.push2.eastmoney.com', port=443): Max retries exceeded with url: /api/qt/clist/get?pn=1&pz=100&po=1&np=1&ut=bd1d9ddb04089700cf9c27f6f7426281&fltt=2&invt=2&wbp2u=%7C0%7C0%7C0%7Cweb&fid=f12&fs=b%3AMK0021%2Cb%3AMK0022%2Cb%3AMK0023%2Cb%3AMK0024%2Cb%3AMK0827&fields=f1%2Cf2%2Cf3%2Cf4%2Cf5%2Cf6%2Cf7%2Cf8%2Cf9%2Cf10%2Cf12%2Cf13%2Cf14%2Cf15%2Cf16%2Cf17%2Cf18%2Cf20%2Cf21%2Cf23%2Cf24%2Cf25%2Cf22%2Cf11%2Cf30%2Cf31%2Cf32%2Cf33%2Cf34%2Cf35%2Cf38%2Cf62%2Cf63%2Cf64%2Cf65%2Cf66%2Cf69%2Cf72%2Cf75%2Cf78%2Cf81%2Cf84%2Cf87%2Cf115%2Cf124%2Cf128%2Cf136%2Cf152%2Cf184%2Cf297%2Cf402%2Cf441 (Caused by ProxyError('Unable to connect to proxy', RemoteDisconnected('Remote end closed connection without response'))))，切换到直接API备用方案...
2026-04-22 22:50:58,555 [INFO] __main__ - === 开始每日ETF策略扫描 ===
2026-04-22 22:50:58,886 [INFO] __main__ - 市场环境: 牛市 (score=0.89, 站上MA20=True, 站上MA60=True)
2026-04-22 22:50:58,887 [INFO] __main__ - 正在获取全市场ETF行情...
2026-04-22 22:51:05,204 [WARNING] __main__ - akshare获取失败(HTTPSConnectionPool(host='88.push2.eastmoney.com', port=443): Max retries exceeded with url: /api/qt/clist/get?pn=1&pz=100&po=1&np=1&ut=bd1d9ddb04089700cf9c27f6f7426281&fltt=2&invt=2&wbp2u=%7C0%7C0%7C0%7Cweb&fid=f12&fs=b%3AMK0021%2Cb%3AMK0022%2Cb%3AMK0023%2Cb%3AMK0024%2Cb%3AMK0827&fields=f1%2Cf2%2Cf3%2Cf4%2Cf5%2Cf6%2Cf7%2Cf8%2Cf9%2Cf10%2Cf12%2Cf13%2Cf14%2Cf15%2Cf16%2Cf17%2Cf18%2Cf20%2Cf21%2Cf23%2Cf24%2Cf25%2Cf22%2Cf11%2Cf30%2Cf31%2Cf32%2Cf33%2Cf34%2Cf35%2Cf38%2Cf62%2Cf63%2Cf64%2Cf65%2Cf66%2Cf69%2Cf72%2Cf75%2Cf78%2Cf81%2Cf84%2Cf87%2Cf115%2Cf124%2Cf128%2Cf136%2Cf152%2Cf184%2Cf297%2Cf402%2Cf441 (Caused by ProxyError('Unable to connect to proxy', RemoteDisconnected('Remote end closed connection without response'))))，切换到直接API备用方案...
2026-04-22 22:51:11,269 [INFO] __main__ - === 开始每日ETF策略扫描 ===
2026-04-22 22:51:11,548 [INFO] __main__ - 市场环境: 牛市 (score=0.89, 站上MA20=True, 站上MA60=True)
2026-04-22 22:51:11,548 [INFO] __main__ - 正在获取全市场ETF行情...
2026-04-22 22:51:25,679 [WARNING] __main__ - akshare获取失败(HTTPSConnectionPool(host='88.push2.eastmoney.com', port=443): Max retries exceeded with url: /api/qt/clist/get?pn=3&pz=100&po=1&np=1&ut=bd1d9ddb04089700cf9c27f6f7426281&fltt=2&invt=2&wbp2u=%7C0%7C0%7C0%7Cweb&fid=f12&fs=b%3AMK0021%2Cb%3AMK0022%2Cb%3AMK0023%2Cb%3AMK0024%2Cb%3AMK0827&fields=f1%2Cf2%2Cf3%2Cf4%2Cf5%2Cf6%2Cf7%2Cf8%2Cf9%2Cf10%2Cf12%2Cf13%2Cf14%2Cf15%2Cf16%2Cf17%2Cf18%2Cf20%2Cf21%2Cf23%2Cf24%2Cf25%2Cf22%2Cf11%2Cf30%2Cf31%2Cf32%2Cf33%2Cf34%2Cf35%2Cf38%2Cf62%2Cf63%2Cf64%2Cf65%2Cf66%2Cf69%2Cf72%2Cf75%2Cf78%2Cf81%2Cf84%2Cf87%2Cf115%2Cf124%2Cf128%2Cf136%2Cf152%2Cf184%2Cf297%2Cf402%2Cf441 (Caused by ProxyError('Unable to connect to proxy', RemoteDisconnected('Remote end closed connection without response'))))，切换到直接API备用方案...
2026-04-22 22:52:06,264 [INFO] __main__ - === 开始每日ETF策略扫描 ===
2026-04-22 22:52:06,503 [INFO] __main__ - 市场环境: 牛市 (score=0.89, 站上MA20=True, 站上MA60=True)
2026-04-22 22:52:06,503 [INFO] __main__ - 正在获取全市场ETF行情...
2026-04-22 22:52:12,997 [WARNING] __main__ - akshare获取失败(HTTPSConnectionPool(host='88.push2.eastmoney.com', port=443): Max retries exceeded with url: /api/qt/clist/get?pn=1&pz=100&po=1&np=1&ut=bd1d9ddb04089700cf9c27f6f7426281&fltt=2&invt=2&wbp2u=%7C0%7C0%7C0%7Cweb&fid=f12&fs=b%3AMK0021%2Cb%3AMK0022%2Cb%3AMK0023%2Cb%3AMK0024%2Cb%3AMK0827&fields=f1%2Cf2%2Cf3%2Cf4%2Cf5%2Cf6%2Cf7%2Cf8%2Cf9%2Cf10%2Cf12%2Cf13%2Cf14%2Cf15%2Cf16%2Cf17%2Cf18%2Cf20%2Cf21%2Cf23%2Cf24%2Cf25%2Cf22%2Cf11%2Cf30%2Cf31%2Cf32%2Cf33%2Cf34%2Cf35%2Cf38%2Cf62%2Cf63%2Cf64%2Cf65%2Cf66%2Cf69%2Cf72%2Cf75%2Cf78%2Cf81%2Cf84%2Cf87%2Cf115%2Cf124%2Cf128%2Cf136%2Cf152%2Cf184%2Cf297%2Cf402%2Cf441 (Caused by ProxyError('Unable to connect to proxy', RemoteDisconnected('Remote end closed connection without response'))))，切换到直接API备用方案...
2026-04-23 08:47:02,664 [INFO] __main__ - === 开始每日ETF策略扫描 ===
2026-04-23 08:47:03,029 [INFO] __main__ - 市场环境: 牛市 (score=0.89, 站上MA20=True, 站上MA60=True)
2026-04-23 08:47:03,029 [INFO] __main__ - 正在获取全市场ETF行情...
2026-04-23 08:47:12,856 [WARNING] __main__ - akshare获取失败(('Connection aborted.', RemoteDisconnected('Remote end closed connection without response')))，切换到直接API备用方案...
